<?xml version="1.0" encoding="UTF-8"?>
<testng-results ignored="0" total="1" passed="1" failed="0" skipped="0">
  <reporter-output>
  </reporter-output>
  <suite started-at="2024-03-13T17:22:28 IST" name="Default suite" finished-at="2024-03-13T17:22:54 IST" duration-ms="25469">
    <groups>
    </groups>
    <test started-at="2024-03-13T17:22:28 IST" name="Default test" finished-at="2024-03-13T17:22:54 IST" duration-ms="25469">
      <class name="Test.Facebookpagedesigntest">
        <test-method is-config="true" signature="setUp()[pri:0, instance:Test.Facebookpagedesigntest@1de5f259]" started-at="2024-03-13T17:22:28 IST" name="setUp" finished-at="2024-03-13T17:22:52 IST" duration-ms="24105" status="PASS">
          <reporter-output>
          </reporter-output>
        </test-method> <!-- setUp -->
        <test-method signature="verifyLoginWithValidCred()[pri:0, instance:Test.Facebookpagedesigntest@1de5f259]" started-at="2024-03-13T17:22:52 IST" name="verifyLoginWithValidCred" finished-at="2024-03-13T17:22:54 IST" duration-ms="1316" status="PASS">
          <reporter-output>
          </reporter-output>
        </test-method> <!-- verifyLoginWithValidCred -->
      </class> <!-- Test.Facebookpagedesigntest -->
    </test> <!-- Default test -->
  </suite> <!-- Default suite -->
</testng-results>
